[3.111s] DEBUG:colcon:Command line arguments: ['/usr/bin/colcon', 'build', '--symlink-install']
[3.111s] DEBUG:colcon:Parsed command line arguments: Namespace(allow_overriding=[], ament_cmake_args=None, base_paths=['.'], build_base='build', catkin_cmake_args=None, catkin_skip_building_tests=False, cmake_args=None, cmake_clean_cache=False, cmake_clean_first=False, cmake_force_configure=False, cmake_target=None, cmake_target_skip_unavailable=False, continue_on_error=False, event_handlers=None, executor='parallel', ignore_user_meta=False, install_base='install', log_base=None, log_level=None, main=<bound method BuildVerb.main of <colcon_core.verb.build.BuildVerb object at 0x7f7d498d8040>>, merge_install=False, metas=['./colcon.meta'], mixin=None, mixin_files=None, mixin_verb=('build',), packages_above=None, packages_above_and_dependencies=None, packages_above_depth=None, packages_end=None, packages_ignore=None, packages_ignore_regex=None, packages_select=None, packages_select_build_failed=False, packages_select_by_dep=None, packages_select_regex=None, packages_select_test_failures=False, packages_skip=None, packages_skip_build_finished=False, packages_skip_by_dep=None, packages_skip_regex=None, packages_skip_test_passed=False, packages_skip_up_to=None, packages_start=None, packages_up_to=None, packages_up_to_regex=None, parallel_workers=12, paths=None, symlink_install=True, test_result_base=None, verb_extension=<colcon_core.verb.build.BuildVerb object at 0x7f7d498d8040>, verb_name='build', verb_parser=<colcon_mixin.mixin.mixin_argument.MixinArgumentDecorator object at 0x7f7d496be400>)
[3.218s] Level 1:colcon.colcon_core.package_discovery:discover_packages(colcon_meta) check parameters
[3.218s] Level 1:colcon.colcon_core.package_discovery:discover_packages(recursive) check parameters
[3.218s] Level 1:colcon.colcon_core.package_discovery:discover_packages(ignore) check parameters
[3.218s] Level 1:colcon.colcon_core.package_discovery:discover_packages(path) check parameters
[3.218s] Level 1:colcon.colcon_core.package_discovery:discover_packages(colcon_meta) discover
[3.218s] Level 1:colcon.colcon_core.package_discovery:discover_packages(recursive) discover
[3.218s] INFO:colcon.colcon_core.package_discovery:Crawling recursively for packages in '/home/kaisar/tricicle_ws'
[3.218s] Level 1:colcon.colcon_core.package_identification:_identify(.) by extensions ['ignore', 'ignore_ament_install']
[3.218s] Level 1:colcon.colcon_core.package_identification:_identify(.) by extension 'ignore'
[3.218s] Level 1:colcon.colcon_core.package_identification:_identify(.) by extension 'ignore_ament_install'
[3.218s] Level 1:colcon.colcon_core.package_identification:_identify(.) by extensions ['colcon_pkg']
[3.218s] Level 1:colcon.colcon_core.package_identification:_identify(.) by extension 'colcon_pkg'
[3.218s] Level 1:colcon.colcon_core.package_identification:_identify(.) by extensions ['colcon_meta']
[3.218s] Level 1:colcon.colcon_core.package_identification:_identify(.) by extension 'colcon_meta'
[3.218s] Level 1:colcon.colcon_core.package_identification:_identify(.) by extensions ['ros']
[3.218s] Level 1:colcon.colcon_core.package_identification:_identify(.) by extension 'ros'
[3.227s] Level 1:colcon.colcon_core.package_identification:_identify(.) by extensions ['cmake', 'python']
[3.227s] Level 1:colcon.colcon_core.package_identification:_identify(.) by extension 'cmake'
[3.227s] Level 1:colcon.colcon_core.package_identification:_identify(.) by extension 'python'
[3.228s] Level 1:colcon.colcon_core.package_identification:_identify(.) by extensions ['python_setup_py']
[3.228s] Level 1:colcon.colcon_core.package_identification:_identify(.) by extension 'python_setup_py'
[3.228s] Level 1:colcon.colcon_core.package_identification:_identify(build) by extensions ['ignore', 'ignore_ament_install']
[3.228s] Level 1:colcon.colcon_core.package_identification:_identify(build) by extension 'ignore'
[3.228s] Level 1:colcon.colcon_core.package_identification:_identify(build) ignored
[3.228s] Level 1:colcon.colcon_core.package_identification:_identify(install) by extensions ['ignore', 'ignore_ament_install']
[3.228s] Level 1:colcon.colcon_core.package_identification:_identify(install) by extension 'ignore'
[3.228s] Level 1:colcon.colcon_core.package_identification:_identify(install) ignored
[3.228s] Level 1:colcon.colcon_core.package_identification:_identify(log) by extensions ['ignore', 'ignore_ament_install']
[3.228s] Level 1:colcon.colcon_core.package_identification:_identify(log) by extension 'ignore'
[3.228s] Level 1:colcon.colcon_core.package_identification:_identify(log) ignored
[3.228s] Level 1:colcon.colcon_core.package_identification:_identify(src) by extensions ['ignore', 'ignore_ament_install']
[3.228s] Level 1:colcon.colcon_core.package_identification:_identify(src) by extension 'ignore'
[3.228s] Level 1:colcon.colcon_core.package_identification:_identify(src) by extension 'ignore_ament_install'
[3.228s] Level 1:colcon.colcon_core.package_identification:_identify(src) by extensions ['colcon_pkg']
[3.228s] Level 1:colcon.colcon_core.package_identification:_identify(src) by extension 'colcon_pkg'
[3.228s] Level 1:colcon.colcon_core.package_identification:_identify(src) by extensions ['colcon_meta']
[3.228s] Level 1:colcon.colcon_core.package_identification:_identify(src) by extension 'colcon_meta'
[3.228s] Level 1:colcon.colcon_core.package_identification:_identify(src) by extensions ['ros']
[3.228s] Level 1:colcon.colcon_core.package_identification:_identify(src) by extension 'ros'
[3.229s] Level 1:colcon.colcon_core.package_identification:_identify(src) by extensions ['cmake', 'python']
[3.229s] Level 1:colcon.colcon_core.package_identification:_identify(src) by extension 'cmake'
[3.229s] Level 1:colcon.colcon_core.package_identification:_identify(src) by extension 'python'
[3.229s] Level 1:colcon.colcon_core.package_identification:_identify(src) by extensions ['python_setup_py']
[3.229s] Level 1:colcon.colcon_core.package_identification:_identify(src) by extension 'python_setup_py'
[3.229s] Level 1:colcon.colcon_core.package_identification:_identify(src/tricycle_test) by extensions ['ignore', 'ignore_ament_install']
[3.229s] Level 1:colcon.colcon_core.package_identification:_identify(src/tricycle_test) by extension 'ignore'
[3.229s] Level 1:colcon.colcon_core.package_identification:_identify(src/tricycle_test) by extension 'ignore_ament_install'
[3.229s] Level 1:colcon.colcon_core.package_identification:_identify(src/tricycle_test) by extensions ['colcon_pkg']
[3.229s] Level 1:colcon.colcon_core.package_identification:_identify(src/tricycle_test) by extension 'colcon_pkg'
[3.229s] Level 1:colcon.colcon_core.package_identification:_identify(src/tricycle_test) by extensions ['colcon_meta']
[3.229s] Level 1:colcon.colcon_core.package_identification:_identify(src/tricycle_test) by extension 'colcon_meta'
[3.229s] Level 1:colcon.colcon_core.package_identification:_identify(src/tricycle_test) by extensions ['ros']
[3.229s] Level 1:colcon.colcon_core.package_identification:_identify(src/tricycle_test) by extension 'ros'
[3.231s] DEBUG:colcon.colcon_core.package_identification:Package 'src/tricycle_test' with type 'ros.ament_cmake' and name 'tricycle_test'
[3.231s] Level 1:colcon.colcon_core.package_discovery:discover_packages(recursive) using defaults
[3.231s] Level 1:colcon.colcon_core.package_discovery:discover_packages(ignore) discover
[3.231s] Level 1:colcon.colcon_core.package_discovery:discover_packages(ignore) using defaults
[3.231s] Level 1:colcon.colcon_core.package_discovery:discover_packages(path) discover
[3.231s] Level 1:colcon.colcon_core.package_discovery:discover_packages(path) using defaults
[3.438s] Level 1:colcon.colcon_core.package_discovery:discover_packages(prefix_path) check parameters
[3.438s] Level 1:colcon.colcon_core.package_discovery:discover_packages(prefix_path) discover
[3.490s] WARNING:colcon.colcon_core.prefix_path.colcon:The path '/home/kaisar/ros2_ws/install' in the environment variable COLCON_PREFIX_PATH doesn't exist
[3.490s] WARNING:colcon.colcon_ros.prefix_path.ament:The path '/home/kaisar/ros2_ws/install/depthimage_to_laserscan' in the environment variable AMENT_PREFIX_PATH doesn't exist
[3.490s] WARNING:colcon.colcon_ros.prefix_path.catkin:The path '/home/kaisar/ros2_ws/install/depthimage_to_laserscan' in the environment variable CMAKE_PREFIX_PATH doesn't exist
[3.535s] DEBUG:colcon.colcon_installed_package_information.package_discovery:Found 1 installed packages in /home/kaisar/tricicle_ws/install
[3.582s] DEBUG:colcon.colcon_installed_package_information.package_discovery:Found 439 installed packages in /opt/ros/foxy
[3.636s] Level 1:colcon.colcon_core.package_discovery:discover_packages(prefix_path) using defaults
[3.812s] Level 5:colcon.colcon_core.verb:set package 'tricycle_test' build argument 'cmake_args' from command line to 'None'
[3.812s] Level 5:colcon.colcon_core.verb:set package 'tricycle_test' build argument 'cmake_target' from command line to 'None'
[3.812s] Level 5:colcon.colcon_core.verb:set package 'tricycle_test' build argument 'cmake_target_skip_unavailable' from command line to 'False'
[3.812s] Level 5:colcon.colcon_core.verb:set package 'tricycle_test' build argument 'cmake_clean_cache' from command line to 'False'
[3.812s] Level 5:colcon.colcon_core.verb:set package 'tricycle_test' build argument 'cmake_clean_first' from command line to 'False'
[3.812s] Level 5:colcon.colcon_core.verb:set package 'tricycle_test' build argument 'cmake_force_configure' from command line to 'False'
[3.812s] Level 5:colcon.colcon_core.verb:set package 'tricycle_test' build argument 'ament_cmake_args' from command line to 'None'
[3.812s] Level 5:colcon.colcon_core.verb:set package 'tricycle_test' build argument 'catkin_cmake_args' from command line to 'None'
[3.812s] Level 5:colcon.colcon_core.verb:set package 'tricycle_test' build argument 'catkin_skip_building_tests' from command line to 'False'
[3.812s] DEBUG:colcon.colcon_core.verb:Building package 'tricycle_test' with the following arguments: {'ament_cmake_args': None, 'build_base': '/home/kaisar/tricicle_ws/build/tricycle_test', 'catkin_cmake_args': None, 'catkin_skip_building_tests': False, 'cmake_args': None, 'cmake_clean_cache': False, 'cmake_clean_first': False, 'cmake_force_configure': False, 'cmake_target': None, 'cmake_target_skip_unavailable': False, 'install_base': '/home/kaisar/tricicle_ws/install/tricycle_test', 'merge_install': False, 'path': '/home/kaisar/tricicle_ws/src/tricycle_test', 'symlink_install': True, 'test_result_base': None}
[3.854s] INFO:colcon.colcon_core.executor:Executing jobs using 'parallel' executor
[3.898s] DEBUG:colcon.colcon_parallel_executor.executor.parallel:run_until_complete
[3.898s] INFO:colcon.colcon_ros.task.ament_cmake.build:Building ROS package in '/home/kaisar/tricicle_ws/src/tricycle_test' with build type 'ament_cmake'
[3.898s] INFO:colcon.colcon_cmake.task.cmake.build:Building CMake package in '/home/kaisar/tricicle_ws/src/tricycle_test'
[3.940s] INFO:colcon.colcon_core.plugin_system:Skipping extension 'colcon_core.shell.bat': Not used on non-Windows systems
[3.940s] INFO:colcon.colcon_core.shell:Skip shell extension 'powershell' for command environment: Not usable outside of PowerShell
[3.940s] DEBUG:colcon.colcon_core.shell:Skip shell extension 'dsv' for command environment
[4.126s] DEBUG:colcon.colcon_core.shell:Ignoring prefix path '/opt/ros/noetic'
[4.140s] DEBUG:colcon.colcon_core.event_handler.log_command:Invoking command in '/home/kaisar/tricicle_ws/build/tricycle_test': CMAKE_PREFIX_PATH=/home/kaisar/tricicle_ws/install/tricycle_test:/home/kaisar/ros2_ws/install/depthimage_to_laserscan:/opt/ros/foxy:/opt/ros/noetic /usr/bin/cmake --build /home/kaisar/tricicle_ws/build/tricycle_test -- -j12 -l12
[4.219s] DEBUG:colcon.colcon_core.event_handler.log_command:Invoked command in '/home/kaisar/tricicle_ws/build/tricycle_test' returned '0': CMAKE_PREFIX_PATH=/home/kaisar/tricicle_ws/install/tricycle_test:/home/kaisar/ros2_ws/install/depthimage_to_laserscan:/opt/ros/foxy:/opt/ros/noetic /usr/bin/cmake --build /home/kaisar/tricicle_ws/build/tricycle_test -- -j12 -l12
[4.269s] DEBUG:colcon.colcon_core.event_handler.log_command:Invoking command in '/home/kaisar/tricicle_ws/build/tricycle_test': CMAKE_PREFIX_PATH=/home/kaisar/tricicle_ws/install/tricycle_test:/home/kaisar/ros2_ws/install/depthimage_to_laserscan:/opt/ros/foxy:/opt/ros/noetic /usr/bin/cmake --install /home/kaisar/tricicle_ws/build/tricycle_test
[4.305s] Level 1:colcon.colcon_core.environment:create_environment_scripts_only(tricycle_test)
[4.306s] DEBUG:colcon.colcon_core.event_handler.log_command:Invoked command in '/home/kaisar/tricicle_ws/build/tricycle_test' returned '0': CMAKE_PREFIX_PATH=/home/kaisar/tricicle_ws/install/tricycle_test:/home/kaisar/ros2_ws/install/depthimage_to_laserscan:/opt/ros/foxy:/opt/ros/noetic /usr/bin/cmake --install /home/kaisar/tricicle_ws/build/tricycle_test
[4.360s] Level 1:colcon.colcon_core.environment:checking '/home/kaisar/tricicle_ws/install/tricycle_test' for CMake module files
[4.361s] Level 1:colcon.colcon_core.environment:checking '/home/kaisar/tricicle_ws/install/tricycle_test' for CMake config files
[4.361s] Level 1:colcon.colcon_core.shell:create_environment_hook('tricycle_test', 'cmake_prefix_path')
[4.401s] INFO:colcon.colcon_core.shell:Creating environment hook '/home/kaisar/tricicle_ws/install/tricycle_test/share/tricycle_test/hook/cmake_prefix_path.ps1'
[4.401s] INFO:colcon.colcon_core.shell:Creating environment descriptor '/home/kaisar/tricicle_ws/install/tricycle_test/share/tricycle_test/hook/cmake_prefix_path.dsv'
[4.401s] INFO:colcon.colcon_core.shell:Creating environment hook '/home/kaisar/tricicle_ws/install/tricycle_test/share/tricycle_test/hook/cmake_prefix_path.sh'
[4.402s] Level 1:colcon.colcon_core.environment:checking '/home/kaisar/tricicle_ws/install/tricycle_test/lib'
[4.402s] Level 1:colcon.colcon_core.environment:checking '/home/kaisar/tricicle_ws/install/tricycle_test/bin'
[4.402s] Level 1:colcon.colcon_core.environment:checking '/home/kaisar/tricicle_ws/install/tricycle_test/lib/pkgconfig/tricycle_test.pc'
[4.403s] Level 1:colcon.colcon_core.environment:checking '/home/kaisar/tricicle_ws/install/tricycle_test/lib/python3.8/site-packages'
[4.403s] Level 1:colcon.colcon_core.environment:checking '/home/kaisar/tricicle_ws/install/tricycle_test/bin'
[4.444s] INFO:colcon.colcon_core.shell:Creating package script '/home/kaisar/tricicle_ws/install/tricycle_test/share/tricycle_test/package.ps1'
[4.444s] INFO:colcon.colcon_core.shell:Creating package descriptor '/home/kaisar/tricicle_ws/install/tricycle_test/share/tricycle_test/package.dsv'
[4.445s] INFO:colcon.colcon_core.shell:Creating package script '/home/kaisar/tricicle_ws/install/tricycle_test/share/tricycle_test/package.sh'
[4.446s] INFO:colcon.colcon_core.shell:Creating package script '/home/kaisar/tricicle_ws/install/tricycle_test/share/tricycle_test/package.bash'
[4.446s] INFO:colcon.colcon_core.shell:Creating package script '/home/kaisar/tricicle_ws/install/tricycle_test/share/tricycle_test/package.zsh'
[4.446s] Level 1:colcon.colcon_core.environment:create_file_with_runtime_dependencies(/home/kaisar/tricicle_ws/install/tricycle_test/share/colcon-core/packages/tricycle_test)
[4.534s] Level 1:colcon.colcon_core.environment:create_environment_scripts_only(tricycle_test)
[4.576s] Level 1:colcon.colcon_core.environment:checking '/home/kaisar/tricicle_ws/install/tricycle_test' for CMake module files
[4.577s] Level 1:colcon.colcon_core.environment:checking '/home/kaisar/tricicle_ws/install/tricycle_test' for CMake config files
[4.577s] Level 1:colcon.colcon_core.shell:create_environment_hook('tricycle_test', 'cmake_prefix_path')
[4.619s] INFO:colcon.colcon_core.shell:Creating environment hook '/home/kaisar/tricicle_ws/install/tricycle_test/share/tricycle_test/hook/cmake_prefix_path.ps1'
[4.620s] INFO:colcon.colcon_core.shell:Creating environment descriptor '/home/kaisar/tricicle_ws/install/tricycle_test/share/tricycle_test/hook/cmake_prefix_path.dsv'
[4.620s] INFO:colcon.colcon_core.shell:Creating environment hook '/home/kaisar/tricicle_ws/install/tricycle_test/share/tricycle_test/hook/cmake_prefix_path.sh'
[4.620s] Level 1:colcon.colcon_core.environment:checking '/home/kaisar/tricicle_ws/install/tricycle_test/lib'
[4.621s] Level 1:colcon.colcon_core.environment:checking '/home/kaisar/tricicle_ws/install/tricycle_test/bin'
[4.621s] Level 1:colcon.colcon_core.environment:checking '/home/kaisar/tricicle_ws/install/tricycle_test/lib/pkgconfig/tricycle_test.pc'
[4.621s] Level 1:colcon.colcon_core.environment:checking '/home/kaisar/tricicle_ws/install/tricycle_test/lib/python3.8/site-packages'
[4.621s] Level 1:colcon.colcon_core.environment:checking '/home/kaisar/tricicle_ws/install/tricycle_test/bin'
[4.660s] INFO:colcon.colcon_core.shell:Creating package script '/home/kaisar/tricicle_ws/install/tricycle_test/share/tricycle_test/package.ps1'
[4.660s] INFO:colcon.colcon_core.shell:Creating package descriptor '/home/kaisar/tricicle_ws/install/tricycle_test/share/tricycle_test/package.dsv'
[4.660s] INFO:colcon.colcon_core.shell:Creating package script '/home/kaisar/tricicle_ws/install/tricycle_test/share/tricycle_test/package.sh'
[4.661s] INFO:colcon.colcon_core.shell:Creating package script '/home/kaisar/tricicle_ws/install/tricycle_test/share/tricycle_test/package.bash'
[4.661s] INFO:colcon.colcon_core.shell:Creating package script '/home/kaisar/tricicle_ws/install/tricycle_test/share/tricycle_test/package.zsh'
[4.661s] Level 1:colcon.colcon_core.environment:create_file_with_runtime_dependencies(/home/kaisar/tricicle_ws/install/tricycle_test/share/colcon-core/packages/tricycle_test)
[4.662s] DEBUG:colcon.colcon_parallel_executor.executor.parallel:closing loop
[4.662s] DEBUG:colcon.colcon_parallel_executor.executor.parallel:loop closed
[4.662s] DEBUG:colcon.colcon_parallel_executor.executor.parallel:run_until_complete finished with '0'
[4.662s] DEBUG:colcon.colcon_core.event_reactor:joining thread
[4.712s] INFO:colcon.colcon_core.plugin_system:Skipping extension 'colcon_notification.desktop_notification.terminal_notifier': Not used on non-Darwin systems
[4.712s] INFO:colcon.colcon_core.plugin_system:Skipping extension 'colcon_notification.desktop_notification.win32': Not used on non-Windows systems
[4.712s] INFO:colcon.colcon_notification.desktop_notification:Sending desktop notification using 'notify2'
[4.728s] DEBUG:colcon.colcon_core.event_reactor:joined thread
[4.775s] INFO:colcon.colcon_core.shell:Creating prefix script '/home/kaisar/tricicle_ws/install/local_setup.ps1'
[4.776s] INFO:colcon.colcon_core.shell:Creating prefix util module '/home/kaisar/tricicle_ws/install/_local_setup_util_ps1.py'
[4.777s] INFO:colcon.colcon_core.shell:Creating prefix chain script '/home/kaisar/tricicle_ws/install/setup.ps1'
[4.817s] INFO:colcon.colcon_core.shell:Creating prefix script '/home/kaisar/tricicle_ws/install/local_setup.sh'
[4.817s] INFO:colcon.colcon_core.shell:Creating prefix util module '/home/kaisar/tricicle_ws/install/_local_setup_util_sh.py'
[4.817s] INFO:colcon.colcon_core.shell:Creating prefix chain script '/home/kaisar/tricicle_ws/install/setup.sh'
[4.860s] INFO:colcon.colcon_core.shell:Creating prefix script '/home/kaisar/tricicle_ws/install/local_setup.bash'
[4.860s] INFO:colcon.colcon_core.shell:Creating prefix chain script '/home/kaisar/tricicle_ws/install/setup.bash'
[4.901s] INFO:colcon.colcon_core.shell:Creating prefix script '/home/kaisar/tricicle_ws/install/local_setup.zsh'
[4.902s] INFO:colcon.colcon_core.shell:Creating prefix chain script '/home/kaisar/tricicle_ws/install/setup.zsh'
