[2.389s] DEBUG:colcon:Command line arguments: ['/usr/bin/colcon', 'build', '--symlink-install']
[2.389s] DEBUG:colcon:Parsed command line arguments: Namespace(allow_overriding=[], ament_cmake_args=None, base_paths=['.'], build_base='build', catkin_cmake_args=None, catkin_skip_building_tests=False, cmake_args=None, cmake_clean_cache=False, cmake_clean_first=False, cmake_force_configure=False, cmake_target=None, cmake_target_skip_unavailable=False, continue_on_error=False, event_handlers=None, executor='parallel', ignore_user_meta=False, install_base='install', log_base=None, log_level=None, main=<bound method BuildVerb.main of <colcon_core.verb.build.BuildVerb object at 0x7f0ef705af10>>, merge_install=False, metas=['./colcon.meta'], mixin=None, mixin_files=None, mixin_verb=('build',), packages_above=None, packages_above_and_dependencies=None, packages_above_depth=None, packages_end=None, packages_ignore=None, packages_ignore_regex=None, packages_select=None, packages_select_build_failed=False, packages_select_by_dep=None, packages_select_regex=None, packages_select_test_failures=False, packages_skip=None, packages_skip_build_finished=False, packages_skip_by_dep=None, packages_skip_regex=None, packages_skip_test_passed=False, packages_skip_up_to=None, packages_start=None, packages_up_to=None, packages_up_to_regex=None, parallel_workers=12, paths=None, symlink_install=True, test_result_base=None, verb_extension=<colcon_core.verb.build.BuildVerb object at 0x7f0ef705af10>, verb_name='build', verb_parser=<colcon_mixin.mixin.mixin_argument.MixinArgumentDecorator object at 0x7f0ef7037370>)
[2.477s] Level 1:colcon.colcon_core.package_discovery:discover_packages(colcon_meta) check parameters
[2.477s] Level 1:colcon.colcon_core.package_discovery:discover_packages(recursive) check parameters
[2.477s] Level 1:colcon.colcon_core.package_discovery:discover_packages(ignore) check parameters
[2.477s] Level 1:colcon.colcon_core.package_discovery:discover_packages(path) check parameters
[2.477s] Level 1:colcon.colcon_core.package_discovery:discover_packages(colcon_meta) discover
[2.477s] Level 1:colcon.colcon_core.package_discovery:discover_packages(recursive) discover
[2.477s] INFO:colcon.colcon_core.package_discovery:Crawling recursively for packages in '/home/kaisar/tricicle_ws'
[2.478s] Level 1:colcon.colcon_core.package_identification:_identify(.) by extensions ['ignore', 'ignore_ament_install']
[2.478s] Level 1:colcon.colcon_core.package_identification:_identify(.) by extension 'ignore'
[2.478s] Level 1:colcon.colcon_core.package_identification:_identify(.) by extension 'ignore_ament_install'
[2.478s] Level 1:colcon.colcon_core.package_identification:_identify(.) by extensions ['colcon_pkg']
[2.478s] Level 1:colcon.colcon_core.package_identification:_identify(.) by extension 'colcon_pkg'
[2.478s] Level 1:colcon.colcon_core.package_identification:_identify(.) by extensions ['colcon_meta']
[2.478s] Level 1:colcon.colcon_core.package_identification:_identify(.) by extension 'colcon_meta'
[2.478s] Level 1:colcon.colcon_core.package_identification:_identify(.) by extensions ['ros']
[2.478s] Level 1:colcon.colcon_core.package_identification:_identify(.) by extension 'ros'
[2.487s] Level 1:colcon.colcon_core.package_identification:_identify(.) by extensions ['cmake', 'python']
[2.487s] Level 1:colcon.colcon_core.package_identification:_identify(.) by extension 'cmake'
[2.487s] Level 1:colcon.colcon_core.package_identification:_identify(.) by extension 'python'
[2.487s] Level 1:colcon.colcon_core.package_identification:_identify(.) by extensions ['python_setup_py']
[2.487s] Level 1:colcon.colcon_core.package_identification:_identify(.) by extension 'python_setup_py'
[2.487s] Level 1:colcon.colcon_core.package_identification:_identify(build) by extensions ['ignore', 'ignore_ament_install']
[2.487s] Level 1:colcon.colcon_core.package_identification:_identify(build) by extension 'ignore'
[2.487s] Level 1:colcon.colcon_core.package_identification:_identify(build) ignored
[2.487s] Level 1:colcon.colcon_core.package_identification:_identify(install) by extensions ['ignore', 'ignore_ament_install']
[2.487s] Level 1:colcon.colcon_core.package_identification:_identify(install) by extension 'ignore'
[2.487s] Level 1:colcon.colcon_core.package_identification:_identify(install) ignored
[2.487s] Level 1:colcon.colcon_core.package_identification:_identify(log) by extensions ['ignore', 'ignore_ament_install']
[2.488s] Level 1:colcon.colcon_core.package_identification:_identify(log) by extension 'ignore'
[2.488s] Level 1:colcon.colcon_core.package_identification:_identify(log) ignored
[2.488s] Level 1:colcon.colcon_core.package_identification:_identify(src) by extensions ['ignore', 'ignore_ament_install']
[2.488s] Level 1:colcon.colcon_core.package_identification:_identify(src) by extension 'ignore'
[2.488s] Level 1:colcon.colcon_core.package_identification:_identify(src) by extension 'ignore_ament_install'
[2.488s] Level 1:colcon.colcon_core.package_identification:_identify(src) by extensions ['colcon_pkg']
[2.488s] Level 1:colcon.colcon_core.package_identification:_identify(src) by extension 'colcon_pkg'
[2.488s] Level 1:colcon.colcon_core.package_identification:_identify(src) by extensions ['colcon_meta']
[2.488s] Level 1:colcon.colcon_core.package_identification:_identify(src) by extension 'colcon_meta'
[2.488s] Level 1:colcon.colcon_core.package_identification:_identify(src) by extensions ['ros']
[2.488s] Level 1:colcon.colcon_core.package_identification:_identify(src) by extension 'ros'
[2.488s] Level 1:colcon.colcon_core.package_identification:_identify(src) by extensions ['cmake', 'python']
[2.488s] Level 1:colcon.colcon_core.package_identification:_identify(src) by extension 'cmake'
[2.488s] Level 1:colcon.colcon_core.package_identification:_identify(src) by extension 'python'
[2.488s] Level 1:colcon.colcon_core.package_identification:_identify(src) by extensions ['python_setup_py']
[2.488s] Level 1:colcon.colcon_core.package_identification:_identify(src) by extension 'python_setup_py'
[2.488s] Level 1:colcon.colcon_core.package_identification:_identify(src/tricycle_test) by extensions ['ignore', 'ignore_ament_install']
[2.488s] Level 1:colcon.colcon_core.package_identification:_identify(src/tricycle_test) by extension 'ignore'
[2.488s] Level 1:colcon.colcon_core.package_identification:_identify(src/tricycle_test) by extension 'ignore_ament_install'
[2.488s] Level 1:colcon.colcon_core.package_identification:_identify(src/tricycle_test) by extensions ['colcon_pkg']
[2.488s] Level 1:colcon.colcon_core.package_identification:_identify(src/tricycle_test) by extension 'colcon_pkg'
[2.488s] Level 1:colcon.colcon_core.package_identification:_identify(src/tricycle_test) by extensions ['colcon_meta']
[2.489s] Level 1:colcon.colcon_core.package_identification:_identify(src/tricycle_test) by extension 'colcon_meta'
[2.489s] Level 1:colcon.colcon_core.package_identification:_identify(src/tricycle_test) by extensions ['ros']
[2.489s] Level 1:colcon.colcon_core.package_identification:_identify(src/tricycle_test) by extension 'ros'
[2.491s] DEBUG:colcon.colcon_core.package_identification:Package 'src/tricycle_test' with type 'ros.ament_cmake' and name 'tricycle_test'
[2.491s] Level 1:colcon.colcon_core.package_discovery:discover_packages(recursive) using defaults
[2.491s] Level 1:colcon.colcon_core.package_discovery:discover_packages(ignore) discover
[2.491s] Level 1:colcon.colcon_core.package_discovery:discover_packages(ignore) using defaults
[2.491s] Level 1:colcon.colcon_core.package_discovery:discover_packages(path) discover
[2.491s] Level 1:colcon.colcon_core.package_discovery:discover_packages(path) using defaults
[2.659s] Level 1:colcon.colcon_core.package_discovery:discover_packages(prefix_path) check parameters
[2.659s] Level 1:colcon.colcon_core.package_discovery:discover_packages(prefix_path) discover
[2.726s] DEBUG:colcon.colcon_installed_package_information.package_discovery:Found 1 installed packages in /home/kaisar/tricicle_ws/install
[2.758s] DEBUG:colcon.colcon_installed_package_information.package_discovery:Found 439 installed packages in /opt/ros/foxy
[2.760s] Level 1:colcon.colcon_core.package_discovery:discover_packages(prefix_path) using defaults
[2.907s] Level 5:colcon.colcon_core.verb:set package 'tricycle_test' build argument 'cmake_args' from command line to 'None'
[2.907s] Level 5:colcon.colcon_core.verb:set package 'tricycle_test' build argument 'cmake_target' from command line to 'None'
[2.907s] Level 5:colcon.colcon_core.verb:set package 'tricycle_test' build argument 'cmake_target_skip_unavailable' from command line to 'False'
[2.907s] Level 5:colcon.colcon_core.verb:set package 'tricycle_test' build argument 'cmake_clean_cache' from command line to 'False'
[2.907s] Level 5:colcon.colcon_core.verb:set package 'tricycle_test' build argument 'cmake_clean_first' from command line to 'False'
[2.907s] Level 5:colcon.colcon_core.verb:set package 'tricycle_test' build argument 'cmake_force_configure' from command line to 'False'
[2.907s] Level 5:colcon.colcon_core.verb:set package 'tricycle_test' build argument 'ament_cmake_args' from command line to 'None'
[2.907s] Level 5:colcon.colcon_core.verb:set package 'tricycle_test' build argument 'catkin_cmake_args' from command line to 'None'
[2.907s] Level 5:colcon.colcon_core.verb:set package 'tricycle_test' build argument 'catkin_skip_building_tests' from command line to 'False'
[2.907s] DEBUG:colcon.colcon_core.verb:Building package 'tricycle_test' with the following arguments: {'ament_cmake_args': None, 'build_base': '/home/kaisar/tricicle_ws/build/tricycle_test', 'catkin_cmake_args': None, 'catkin_skip_building_tests': False, 'cmake_args': None, 'cmake_clean_cache': False, 'cmake_clean_first': False, 'cmake_force_configure': False, 'cmake_target': None, 'cmake_target_skip_unavailable': False, 'install_base': '/home/kaisar/tricicle_ws/install/tricycle_test', 'merge_install': False, 'path': '/home/kaisar/tricicle_ws/src/tricycle_test', 'symlink_install': True, 'test_result_base': None}
[2.938s] INFO:colcon.colcon_core.executor:Executing jobs using 'parallel' executor
[2.970s] DEBUG:colcon.colcon_parallel_executor.executor.parallel:run_until_complete
[2.970s] INFO:colcon.colcon_ros.task.ament_cmake.build:Building ROS package in '/home/kaisar/tricicle_ws/src/tricycle_test' with build type 'ament_cmake'
[2.970s] INFO:colcon.colcon_cmake.task.cmake.build:Building CMake package in '/home/kaisar/tricicle_ws/src/tricycle_test'
[3.007s] INFO:colcon.colcon_core.plugin_system:Skipping extension 'colcon_core.shell.bat': Not used on non-Windows systems
[3.007s] INFO:colcon.colcon_core.shell:Skip shell extension 'powershell' for command environment: Not usable outside of PowerShell
[3.007s] DEBUG:colcon.colcon_core.shell:Skip shell extension 'dsv' for command environment
[3.130s] DEBUG:colcon.colcon_core.event_handler.log_command:Invoking command in '/home/kaisar/tricicle_ws/build/tricycle_test': CMAKE_PREFIX_PATH=${CMAKE_PREFIX_PATH}:/opt/ros/foxy /usr/bin/cmake --build /home/kaisar/tricicle_ws/build/tricycle_test -- -j12 -l12
[3.169s] DEBUG:colcon.colcon_core.event_handler.log_command:Invoked command in '/home/kaisar/tricicle_ws/build/tricycle_test' returned '0': CMAKE_PREFIX_PATH=${CMAKE_PREFIX_PATH}:/opt/ros/foxy /usr/bin/cmake --build /home/kaisar/tricicle_ws/build/tricycle_test -- -j12 -l12
[3.214s] DEBUG:colcon.colcon_core.event_handler.log_command:Invoking command in '/home/kaisar/tricicle_ws/build/tricycle_test': CMAKE_PREFIX_PATH=${CMAKE_PREFIX_PATH}:/opt/ros/foxy /usr/bin/cmake --install /home/kaisar/tricicle_ws/build/tricycle_test
[3.245s] Level 1:colcon.colcon_core.environment:create_environment_scripts_only(tricycle_test)
[3.246s] DEBUG:colcon.colcon_core.event_handler.log_command:Invoked command in '/home/kaisar/tricicle_ws/build/tricycle_test' returned '0': CMAKE_PREFIX_PATH=${CMAKE_PREFIX_PATH}:/opt/ros/foxy /usr/bin/cmake --install /home/kaisar/tricicle_ws/build/tricycle_test
[3.284s] Level 1:colcon.colcon_core.environment:checking '/home/kaisar/tricicle_ws/install/tricycle_test' for CMake module files
[3.284s] Level 1:colcon.colcon_core.environment:checking '/home/kaisar/tricicle_ws/install/tricycle_test' for CMake config files
[3.285s] Level 1:colcon.colcon_core.shell:create_environment_hook('tricycle_test', 'cmake_prefix_path')
[3.316s] INFO:colcon.colcon_core.shell:Creating environment hook '/home/kaisar/tricicle_ws/install/tricycle_test/share/tricycle_test/hook/cmake_prefix_path.ps1'
[3.317s] INFO:colcon.colcon_core.shell:Creating environment descriptor '/home/kaisar/tricicle_ws/install/tricycle_test/share/tricycle_test/hook/cmake_prefix_path.dsv'
[3.317s] INFO:colcon.colcon_core.shell:Creating environment hook '/home/kaisar/tricicle_ws/install/tricycle_test/share/tricycle_test/hook/cmake_prefix_path.sh'
[3.318s] Level 1:colcon.colcon_core.environment:checking '/home/kaisar/tricicle_ws/install/tricycle_test/lib'
[3.318s] Level 1:colcon.colcon_core.environment:checking '/home/kaisar/tricicle_ws/install/tricycle_test/bin'
[3.318s] Level 1:colcon.colcon_core.environment:checking '/home/kaisar/tricicle_ws/install/tricycle_test/lib/pkgconfig/tricycle_test.pc'
[3.318s] Level 1:colcon.colcon_core.environment:checking '/home/kaisar/tricicle_ws/install/tricycle_test/lib/python3.8/site-packages'
[3.318s] Level 1:colcon.colcon_core.environment:checking '/home/kaisar/tricicle_ws/install/tricycle_test/bin'
[3.350s] INFO:colcon.colcon_core.shell:Creating package script '/home/kaisar/tricicle_ws/install/tricycle_test/share/tricycle_test/package.ps1'
[3.350s] INFO:colcon.colcon_core.shell:Creating package descriptor '/home/kaisar/tricicle_ws/install/tricycle_test/share/tricycle_test/package.dsv'
[3.351s] INFO:colcon.colcon_core.shell:Creating package script '/home/kaisar/tricicle_ws/install/tricycle_test/share/tricycle_test/package.sh'
[3.352s] INFO:colcon.colcon_core.shell:Creating package script '/home/kaisar/tricicle_ws/install/tricycle_test/share/tricycle_test/package.bash'
[3.352s] INFO:colcon.colcon_core.shell:Creating package script '/home/kaisar/tricicle_ws/install/tricycle_test/share/tricycle_test/package.zsh'
[3.353s] Level 1:colcon.colcon_core.environment:create_file_with_runtime_dependencies(/home/kaisar/tricicle_ws/install/tricycle_test/share/colcon-core/packages/tricycle_test)
[3.412s] Level 1:colcon.colcon_core.environment:create_environment_scripts_only(tricycle_test)
[3.445s] Level 1:colcon.colcon_core.environment:checking '/home/kaisar/tricicle_ws/install/tricycle_test' for CMake module files
[3.446s] Level 1:colcon.colcon_core.environment:checking '/home/kaisar/tricicle_ws/install/tricycle_test' for CMake config files
[3.446s] Level 1:colcon.colcon_core.shell:create_environment_hook('tricycle_test', 'cmake_prefix_path')
[3.480s] INFO:colcon.colcon_core.shell:Creating environment hook '/home/kaisar/tricicle_ws/install/tricycle_test/share/tricycle_test/hook/cmake_prefix_path.ps1'
[3.480s] INFO:colcon.colcon_core.shell:Creating environment descriptor '/home/kaisar/tricicle_ws/install/tricycle_test/share/tricycle_test/hook/cmake_prefix_path.dsv'
[3.481s] INFO:colcon.colcon_core.shell:Creating environment hook '/home/kaisar/tricicle_ws/install/tricycle_test/share/tricycle_test/hook/cmake_prefix_path.sh'
[3.481s] Level 1:colcon.colcon_core.environment:checking '/home/kaisar/tricicle_ws/install/tricycle_test/lib'
[3.481s] Level 1:colcon.colcon_core.environment:checking '/home/kaisar/tricicle_ws/install/tricycle_test/bin'
[3.481s] Level 1:colcon.colcon_core.environment:checking '/home/kaisar/tricicle_ws/install/tricycle_test/lib/pkgconfig/tricycle_test.pc'
[3.481s] Level 1:colcon.colcon_core.environment:checking '/home/kaisar/tricicle_ws/install/tricycle_test/lib/python3.8/site-packages'
[3.481s] Level 1:colcon.colcon_core.environment:checking '/home/kaisar/tricicle_ws/install/tricycle_test/bin'
[3.515s] INFO:colcon.colcon_core.shell:Creating package script '/home/kaisar/tricicle_ws/install/tricycle_test/share/tricycle_test/package.ps1'
[3.516s] INFO:colcon.colcon_core.shell:Creating package descriptor '/home/kaisar/tricicle_ws/install/tricycle_test/share/tricycle_test/package.dsv'
[3.516s] INFO:colcon.colcon_core.shell:Creating package script '/home/kaisar/tricicle_ws/install/tricycle_test/share/tricycle_test/package.sh'
[3.517s] INFO:colcon.colcon_core.shell:Creating package script '/home/kaisar/tricicle_ws/install/tricycle_test/share/tricycle_test/package.bash'
[3.517s] INFO:colcon.colcon_core.shell:Creating package script '/home/kaisar/tricicle_ws/install/tricycle_test/share/tricycle_test/package.zsh'
[3.517s] Level 1:colcon.colcon_core.environment:create_file_with_runtime_dependencies(/home/kaisar/tricicle_ws/install/tricycle_test/share/colcon-core/packages/tricycle_test)
[3.517s] DEBUG:colcon.colcon_parallel_executor.executor.parallel:closing loop
[3.518s] DEBUG:colcon.colcon_parallel_executor.executor.parallel:loop closed
[3.518s] DEBUG:colcon.colcon_parallel_executor.executor.parallel:run_until_complete finished with '0'
[3.518s] DEBUG:colcon.colcon_core.event_reactor:joining thread
[3.562s] INFO:colcon.colcon_core.plugin_system:Skipping extension 'colcon_notification.desktop_notification.terminal_notifier': Not used on non-Darwin systems
[3.562s] INFO:colcon.colcon_core.plugin_system:Skipping extension 'colcon_notification.desktop_notification.win32': Not used on non-Windows systems
[3.562s] INFO:colcon.colcon_notification.desktop_notification:Sending desktop notification using 'notify2'
[3.584s] DEBUG:colcon.colcon_core.event_reactor:joined thread
[3.621s] INFO:colcon.colcon_core.shell:Creating prefix script '/home/kaisar/tricicle_ws/install/local_setup.ps1'
[3.622s] INFO:colcon.colcon_core.shell:Creating prefix util module '/home/kaisar/tricicle_ws/install/_local_setup_util_ps1.py'
[3.623s] INFO:colcon.colcon_core.shell:Creating prefix chain script '/home/kaisar/tricicle_ws/install/setup.ps1'
[3.657s] INFO:colcon.colcon_core.shell:Creating prefix script '/home/kaisar/tricicle_ws/install/local_setup.sh'
[3.658s] INFO:colcon.colcon_core.shell:Creating prefix util module '/home/kaisar/tricicle_ws/install/_local_setup_util_sh.py'
[3.658s] INFO:colcon.colcon_core.shell:Creating prefix chain script '/home/kaisar/tricicle_ws/install/setup.sh'
[3.690s] INFO:colcon.colcon_core.shell:Creating prefix script '/home/kaisar/tricicle_ws/install/local_setup.bash'
[3.690s] INFO:colcon.colcon_core.shell:Creating prefix chain script '/home/kaisar/tricicle_ws/install/setup.bash'
[3.723s] INFO:colcon.colcon_core.shell:Creating prefix script '/home/kaisar/tricicle_ws/install/local_setup.zsh'
[3.723s] INFO:colcon.colcon_core.shell:Creating prefix chain script '/home/kaisar/tricicle_ws/install/setup.zsh'
