[2.958s] DEBUG:colcon:Command line arguments: ['/usr/bin/colcon', 'build', '--symlink-install']
[2.958s] DEBUG:colcon:Parsed command line arguments: Namespace(allow_overriding=[], ament_cmake_args=None, base_paths=['.'], build_base='build', catkin_cmake_args=None, catkin_skip_building_tests=False, cmake_args=None, cmake_clean_cache=False, cmake_clean_first=False, cmake_force_configure=False, cmake_target=None, cmake_target_skip_unavailable=False, continue_on_error=False, event_handlers=None, executor='parallel', ignore_user_meta=False, install_base='install', log_base=None, log_level=None, main=<bound method BuildVerb.main of <colcon_core.verb.build.BuildVerb object at 0x7ff2ac2691f0>>, merge_install=False, metas=['./colcon.meta'], mixin=None, mixin_files=None, mixin_verb=('build',), packages_above=None, packages_above_and_dependencies=None, packages_above_depth=None, packages_end=None, packages_ignore=None, packages_ignore_regex=None, packages_select=None, packages_select_build_failed=False, packages_select_by_dep=None, packages_select_regex=None, packages_select_test_failures=False, packages_skip=None, packages_skip_build_finished=False, packages_skip_by_dep=None, packages_skip_regex=None, packages_skip_test_passed=False, packages_skip_up_to=None, packages_start=None, packages_up_to=None, packages_up_to_regex=None, parallel_workers=12, paths=None, symlink_install=True, test_result_base=None, verb_extension=<colcon_core.verb.build.BuildVerb object at 0x7ff2ac2691f0>, verb_name='build', verb_parser=<colcon_mixin.mixin.mixin_argument.MixinArgumentDecorator object at 0x7ff2ac1b06d0>)
[3.059s] Level 1:colcon.colcon_core.package_discovery:discover_packages(colcon_meta) check parameters
[3.059s] Level 1:colcon.colcon_core.package_discovery:discover_packages(recursive) check parameters
[3.059s] Level 1:colcon.colcon_core.package_discovery:discover_packages(ignore) check parameters
[3.059s] Level 1:colcon.colcon_core.package_discovery:discover_packages(path) check parameters
[3.059s] Level 1:colcon.colcon_core.package_discovery:discover_packages(colcon_meta) discover
[3.060s] Level 1:colcon.colcon_core.package_discovery:discover_packages(recursive) discover
[3.060s] INFO:colcon.colcon_core.package_discovery:Crawling recursively for packages in '/home/kaisar/tricicle_ws'
[3.060s] Level 1:colcon.colcon_core.package_identification:_identify(.) by extensions ['ignore', 'ignore_ament_install']
[3.060s] Level 1:colcon.colcon_core.package_identification:_identify(.) by extension 'ignore'
[3.060s] Level 1:colcon.colcon_core.package_identification:_identify(.) by extension 'ignore_ament_install'
[3.060s] Level 1:colcon.colcon_core.package_identification:_identify(.) by extensions ['colcon_pkg']
[3.060s] Level 1:colcon.colcon_core.package_identification:_identify(.) by extension 'colcon_pkg'
[3.060s] Level 1:colcon.colcon_core.package_identification:_identify(.) by extensions ['colcon_meta']
[3.060s] Level 1:colcon.colcon_core.package_identification:_identify(.) by extension 'colcon_meta'
[3.060s] Level 1:colcon.colcon_core.package_identification:_identify(.) by extensions ['ros']
[3.060s] Level 1:colcon.colcon_core.package_identification:_identify(.) by extension 'ros'
[3.069s] Level 1:colcon.colcon_core.package_identification:_identify(.) by extensions ['cmake', 'python']
[3.070s] Level 1:colcon.colcon_core.package_identification:_identify(.) by extension 'cmake'
[3.070s] Level 1:colcon.colcon_core.package_identification:_identify(.) by extension 'python'
[3.070s] Level 1:colcon.colcon_core.package_identification:_identify(.) by extensions ['python_setup_py']
[3.070s] Level 1:colcon.colcon_core.package_identification:_identify(.) by extension 'python_setup_py'
[3.070s] Level 1:colcon.colcon_core.package_identification:_identify(build) by extensions ['ignore', 'ignore_ament_install']
[3.070s] Level 1:colcon.colcon_core.package_identification:_identify(build) by extension 'ignore'
[3.070s] Level 1:colcon.colcon_core.package_identification:_identify(build) ignored
[3.070s] Level 1:colcon.colcon_core.package_identification:_identify(install) by extensions ['ignore', 'ignore_ament_install']
[3.070s] Level 1:colcon.colcon_core.package_identification:_identify(install) by extension 'ignore'
[3.070s] Level 1:colcon.colcon_core.package_identification:_identify(install) ignored
[3.070s] Level 1:colcon.colcon_core.package_identification:_identify(log) by extensions ['ignore', 'ignore_ament_install']
[3.070s] Level 1:colcon.colcon_core.package_identification:_identify(log) by extension 'ignore'
[3.070s] Level 1:colcon.colcon_core.package_identification:_identify(log) ignored
[3.070s] Level 1:colcon.colcon_core.package_identification:_identify(src) by extensions ['ignore', 'ignore_ament_install']
[3.070s] Level 1:colcon.colcon_core.package_identification:_identify(src) by extension 'ignore'
[3.070s] Level 1:colcon.colcon_core.package_identification:_identify(src) by extension 'ignore_ament_install'
[3.070s] Level 1:colcon.colcon_core.package_identification:_identify(src) by extensions ['colcon_pkg']
[3.070s] Level 1:colcon.colcon_core.package_identification:_identify(src) by extension 'colcon_pkg'
[3.070s] Level 1:colcon.colcon_core.package_identification:_identify(src) by extensions ['colcon_meta']
[3.070s] Level 1:colcon.colcon_core.package_identification:_identify(src) by extension 'colcon_meta'
[3.070s] Level 1:colcon.colcon_core.package_identification:_identify(src) by extensions ['ros']
[3.071s] Level 1:colcon.colcon_core.package_identification:_identify(src) by extension 'ros'
[3.071s] Level 1:colcon.colcon_core.package_identification:_identify(src) by extensions ['cmake', 'python']
[3.071s] Level 1:colcon.colcon_core.package_identification:_identify(src) by extension 'cmake'
[3.071s] Level 1:colcon.colcon_core.package_identification:_identify(src) by extension 'python'
[3.071s] Level 1:colcon.colcon_core.package_identification:_identify(src) by extensions ['python_setup_py']
[3.071s] Level 1:colcon.colcon_core.package_identification:_identify(src) by extension 'python_setup_py'
[3.071s] Level 1:colcon.colcon_core.package_identification:_identify(src/tricycle_test) by extensions ['ignore', 'ignore_ament_install']
[3.071s] Level 1:colcon.colcon_core.package_identification:_identify(src/tricycle_test) by extension 'ignore'
[3.071s] Level 1:colcon.colcon_core.package_identification:_identify(src/tricycle_test) by extension 'ignore_ament_install'
[3.071s] Level 1:colcon.colcon_core.package_identification:_identify(src/tricycle_test) by extensions ['colcon_pkg']
[3.071s] Level 1:colcon.colcon_core.package_identification:_identify(src/tricycle_test) by extension 'colcon_pkg'
[3.071s] Level 1:colcon.colcon_core.package_identification:_identify(src/tricycle_test) by extensions ['colcon_meta']
[3.071s] Level 1:colcon.colcon_core.package_identification:_identify(src/tricycle_test) by extension 'colcon_meta'
[3.071s] Level 1:colcon.colcon_core.package_identification:_identify(src/tricycle_test) by extensions ['ros']
[3.071s] Level 1:colcon.colcon_core.package_identification:_identify(src/tricycle_test) by extension 'ros'
[3.074s] DEBUG:colcon.colcon_core.package_identification:Package 'src/tricycle_test' with type 'ros.ament_cmake' and name 'tricycle_test'
[3.074s] Level 1:colcon.colcon_core.package_discovery:discover_packages(recursive) using defaults
[3.074s] Level 1:colcon.colcon_core.package_discovery:discover_packages(ignore) discover
[3.074s] Level 1:colcon.colcon_core.package_discovery:discover_packages(ignore) using defaults
[3.074s] Level 1:colcon.colcon_core.package_discovery:discover_packages(path) discover
[3.074s] Level 1:colcon.colcon_core.package_discovery:discover_packages(path) using defaults
[3.284s] Level 1:colcon.colcon_core.package_discovery:discover_packages(prefix_path) check parameters
[3.284s] Level 1:colcon.colcon_core.package_discovery:discover_packages(prefix_path) discover
[3.326s] WARNING:colcon.colcon_core.prefix_path.colcon:The path '/home/kaisar/ros2_ws/install' in the environment variable COLCON_PREFIX_PATH doesn't exist
[3.326s] WARNING:colcon.colcon_ros.prefix_path.ament:The path '/home/kaisar/ros2_ws/install/depthimage_to_laserscan' in the environment variable AMENT_PREFIX_PATH doesn't exist
[3.326s] WARNING:colcon.colcon_ros.prefix_path.catkin:The path '/home/kaisar/ros2_ws/install/depthimage_to_laserscan' in the environment variable CMAKE_PREFIX_PATH doesn't exist
[3.366s] DEBUG:colcon.colcon_installed_package_information.package_discovery:Found 1 installed packages in /home/kaisar/tricicle_ws/install
[3.412s] DEBUG:colcon.colcon_installed_package_information.package_discovery:Found 439 installed packages in /opt/ros/foxy
[3.465s] Level 1:colcon.colcon_core.package_discovery:discover_packages(prefix_path) using defaults
[3.621s] Level 5:colcon.colcon_core.verb:set package 'tricycle_test' build argument 'cmake_args' from command line to 'None'
[3.621s] Level 5:colcon.colcon_core.verb:set package 'tricycle_test' build argument 'cmake_target' from command line to 'None'
[3.621s] Level 5:colcon.colcon_core.verb:set package 'tricycle_test' build argument 'cmake_target_skip_unavailable' from command line to 'False'
[3.621s] Level 5:colcon.colcon_core.verb:set package 'tricycle_test' build argument 'cmake_clean_cache' from command line to 'False'
[3.621s] Level 5:colcon.colcon_core.verb:set package 'tricycle_test' build argument 'cmake_clean_first' from command line to 'False'
[3.622s] Level 5:colcon.colcon_core.verb:set package 'tricycle_test' build argument 'cmake_force_configure' from command line to 'False'
[3.622s] Level 5:colcon.colcon_core.verb:set package 'tricycle_test' build argument 'ament_cmake_args' from command line to 'None'
[3.622s] Level 5:colcon.colcon_core.verb:set package 'tricycle_test' build argument 'catkin_cmake_args' from command line to 'None'
[3.622s] Level 5:colcon.colcon_core.verb:set package 'tricycle_test' build argument 'catkin_skip_building_tests' from command line to 'False'
[3.622s] DEBUG:colcon.colcon_core.verb:Building package 'tricycle_test' with the following arguments: {'ament_cmake_args': None, 'build_base': '/home/kaisar/tricicle_ws/build/tricycle_test', 'catkin_cmake_args': None, 'catkin_skip_building_tests': False, 'cmake_args': None, 'cmake_clean_cache': False, 'cmake_clean_first': False, 'cmake_force_configure': False, 'cmake_target': None, 'cmake_target_skip_unavailable': False, 'install_base': '/home/kaisar/tricicle_ws/install/tricycle_test', 'merge_install': False, 'path': '/home/kaisar/tricicle_ws/src/tricycle_test', 'symlink_install': True, 'test_result_base': None}
[3.659s] INFO:colcon.colcon_core.executor:Executing jobs using 'parallel' executor
[3.699s] DEBUG:colcon.colcon_parallel_executor.executor.parallel:run_until_complete
[3.699s] INFO:colcon.colcon_ros.task.ament_cmake.build:Building ROS package in '/home/kaisar/tricicle_ws/src/tricycle_test' with build type 'ament_cmake'
[3.699s] INFO:colcon.colcon_cmake.task.cmake.build:Building CMake package in '/home/kaisar/tricicle_ws/src/tricycle_test'
[3.746s] INFO:colcon.colcon_core.plugin_system:Skipping extension 'colcon_core.shell.bat': Not used on non-Windows systems
[3.746s] INFO:colcon.colcon_core.shell:Skip shell extension 'powershell' for command environment: Not usable outside of PowerShell
[3.746s] DEBUG:colcon.colcon_core.shell:Skip shell extension 'dsv' for command environment
[3.923s] DEBUG:colcon.colcon_core.shell:Ignoring prefix path '/opt/ros/noetic'
[3.938s] DEBUG:colcon.colcon_core.event_handler.log_command:Invoking command in '/home/kaisar/tricicle_ws/build/tricycle_test': CMAKE_PREFIX_PATH=/home/kaisar/tricicle_ws/install/tricycle_test:/home/kaisar/ros2_ws/install/depthimage_to_laserscan:/opt/ros/foxy:/opt/ros/noetic /usr/bin/cmake --build /home/kaisar/tricicle_ws/build/tricycle_test -- -j12 -l12
[6.629s] DEBUG:colcon.colcon_core.event_handler.log_command:Invoked command in '/home/kaisar/tricicle_ws/build/tricycle_test' returned '0': CMAKE_PREFIX_PATH=/home/kaisar/tricicle_ws/install/tricycle_test:/home/kaisar/ros2_ws/install/depthimage_to_laserscan:/opt/ros/foxy:/opt/ros/noetic /usr/bin/cmake --build /home/kaisar/tricicle_ws/build/tricycle_test -- -j12 -l12
[6.684s] DEBUG:colcon.colcon_core.event_handler.log_command:Invoking command in '/home/kaisar/tricicle_ws/build/tricycle_test': CMAKE_PREFIX_PATH=/home/kaisar/tricicle_ws/install/tricycle_test:/home/kaisar/ros2_ws/install/depthimage_to_laserscan:/opt/ros/foxy:/opt/ros/noetic /usr/bin/cmake --install /home/kaisar/tricicle_ws/build/tricycle_test
[6.718s] Level 1:colcon.colcon_core.environment:create_environment_scripts_only(tricycle_test)
[6.719s] DEBUG:colcon.colcon_core.event_handler.log_command:Invoked command in '/home/kaisar/tricicle_ws/build/tricycle_test' returned '0': CMAKE_PREFIX_PATH=/home/kaisar/tricicle_ws/install/tricycle_test:/home/kaisar/ros2_ws/install/depthimage_to_laserscan:/opt/ros/foxy:/opt/ros/noetic /usr/bin/cmake --install /home/kaisar/tricicle_ws/build/tricycle_test
[6.765s] Level 1:colcon.colcon_core.environment:checking '/home/kaisar/tricicle_ws/install/tricycle_test' for CMake module files
[6.766s] Level 1:colcon.colcon_core.environment:checking '/home/kaisar/tricicle_ws/install/tricycle_test' for CMake config files
[6.766s] Level 1:colcon.colcon_core.shell:create_environment_hook('tricycle_test', 'cmake_prefix_path')
[6.805s] INFO:colcon.colcon_core.shell:Creating environment hook '/home/kaisar/tricicle_ws/install/tricycle_test/share/tricycle_test/hook/cmake_prefix_path.ps1'
[6.806s] INFO:colcon.colcon_core.shell:Creating environment descriptor '/home/kaisar/tricicle_ws/install/tricycle_test/share/tricycle_test/hook/cmake_prefix_path.dsv'
[6.806s] INFO:colcon.colcon_core.shell:Creating environment hook '/home/kaisar/tricicle_ws/install/tricycle_test/share/tricycle_test/hook/cmake_prefix_path.sh'
[6.807s] Level 1:colcon.colcon_core.environment:checking '/home/kaisar/tricicle_ws/install/tricycle_test/lib'
[6.807s] Level 1:colcon.colcon_core.environment:checking '/home/kaisar/tricicle_ws/install/tricycle_test/bin'
[6.807s] Level 1:colcon.colcon_core.environment:checking '/home/kaisar/tricicle_ws/install/tricycle_test/lib/pkgconfig/tricycle_test.pc'
[6.808s] Level 1:colcon.colcon_core.environment:checking '/home/kaisar/tricicle_ws/install/tricycle_test/lib/python3.8/site-packages'
[6.808s] Level 1:colcon.colcon_core.environment:checking '/home/kaisar/tricicle_ws/install/tricycle_test/bin'
[6.851s] INFO:colcon.colcon_core.shell:Creating package script '/home/kaisar/tricicle_ws/install/tricycle_test/share/tricycle_test/package.ps1'
[6.852s] INFO:colcon.colcon_core.shell:Creating package descriptor '/home/kaisar/tricicle_ws/install/tricycle_test/share/tricycle_test/package.dsv'
[6.852s] INFO:colcon.colcon_core.shell:Creating package script '/home/kaisar/tricicle_ws/install/tricycle_test/share/tricycle_test/package.sh'
[6.853s] INFO:colcon.colcon_core.shell:Creating package script '/home/kaisar/tricicle_ws/install/tricycle_test/share/tricycle_test/package.bash'
[6.853s] INFO:colcon.colcon_core.shell:Creating package script '/home/kaisar/tricicle_ws/install/tricycle_test/share/tricycle_test/package.zsh'
[6.854s] Level 1:colcon.colcon_core.environment:create_file_with_runtime_dependencies(/home/kaisar/tricicle_ws/install/tricycle_test/share/colcon-core/packages/tricycle_test)
[6.938s] Level 1:colcon.colcon_core.environment:create_environment_scripts_only(tricycle_test)
[6.979s] Level 1:colcon.colcon_core.environment:checking '/home/kaisar/tricicle_ws/install/tricycle_test' for CMake module files
[6.980s] Level 1:colcon.colcon_core.environment:checking '/home/kaisar/tricicle_ws/install/tricycle_test' for CMake config files
[6.980s] Level 1:colcon.colcon_core.shell:create_environment_hook('tricycle_test', 'cmake_prefix_path')
[7.025s] INFO:colcon.colcon_core.shell:Creating environment hook '/home/kaisar/tricicle_ws/install/tricycle_test/share/tricycle_test/hook/cmake_prefix_path.ps1'
[7.025s] INFO:colcon.colcon_core.shell:Creating environment descriptor '/home/kaisar/tricicle_ws/install/tricycle_test/share/tricycle_test/hook/cmake_prefix_path.dsv'
[7.025s] INFO:colcon.colcon_core.shell:Creating environment hook '/home/kaisar/tricicle_ws/install/tricycle_test/share/tricycle_test/hook/cmake_prefix_path.sh'
[7.026s] Level 1:colcon.colcon_core.environment:checking '/home/kaisar/tricicle_ws/install/tricycle_test/lib'
[7.026s] Level 1:colcon.colcon_core.environment:checking '/home/kaisar/tricicle_ws/install/tricycle_test/bin'
[7.026s] Level 1:colcon.colcon_core.environment:checking '/home/kaisar/tricicle_ws/install/tricycle_test/lib/pkgconfig/tricycle_test.pc'
[7.026s] Level 1:colcon.colcon_core.environment:checking '/home/kaisar/tricicle_ws/install/tricycle_test/lib/python3.8/site-packages'
[7.026s] Level 1:colcon.colcon_core.environment:checking '/home/kaisar/tricicle_ws/install/tricycle_test/bin'
[7.067s] INFO:colcon.colcon_core.shell:Creating package script '/home/kaisar/tricicle_ws/install/tricycle_test/share/tricycle_test/package.ps1'
[7.067s] INFO:colcon.colcon_core.shell:Creating package descriptor '/home/kaisar/tricicle_ws/install/tricycle_test/share/tricycle_test/package.dsv'
[7.068s] INFO:colcon.colcon_core.shell:Creating package script '/home/kaisar/tricicle_ws/install/tricycle_test/share/tricycle_test/package.sh'
[7.068s] INFO:colcon.colcon_core.shell:Creating package script '/home/kaisar/tricicle_ws/install/tricycle_test/share/tricycle_test/package.bash'
[7.068s] INFO:colcon.colcon_core.shell:Creating package script '/home/kaisar/tricicle_ws/install/tricycle_test/share/tricycle_test/package.zsh'
[7.069s] Level 1:colcon.colcon_core.environment:create_file_with_runtime_dependencies(/home/kaisar/tricicle_ws/install/tricycle_test/share/colcon-core/packages/tricycle_test)
[7.069s] DEBUG:colcon.colcon_parallel_executor.executor.parallel:closing loop
[7.070s] DEBUG:colcon.colcon_parallel_executor.executor.parallel:loop closed
[7.070s] DEBUG:colcon.colcon_parallel_executor.executor.parallel:run_until_complete finished with '0'
[7.070s] DEBUG:colcon.colcon_core.event_reactor:joining thread
[7.114s] INFO:colcon.colcon_core.plugin_system:Skipping extension 'colcon_notification.desktop_notification.terminal_notifier': Not used on non-Darwin systems
[7.114s] INFO:colcon.colcon_core.plugin_system:Skipping extension 'colcon_notification.desktop_notification.win32': Not used on non-Windows systems
[7.114s] INFO:colcon.colcon_notification.desktop_notification:Sending desktop notification using 'notify2'
[7.133s] DEBUG:colcon.colcon_core.event_reactor:joined thread
[7.186s] INFO:colcon.colcon_core.shell:Creating prefix script '/home/kaisar/tricicle_ws/install/local_setup.ps1'
[7.187s] INFO:colcon.colcon_core.shell:Creating prefix util module '/home/kaisar/tricicle_ws/install/_local_setup_util_ps1.py'
[7.188s] INFO:colcon.colcon_core.shell:Creating prefix chain script '/home/kaisar/tricicle_ws/install/setup.ps1'
[7.231s] INFO:colcon.colcon_core.shell:Creating prefix script '/home/kaisar/tricicle_ws/install/local_setup.sh'
[7.232s] INFO:colcon.colcon_core.shell:Creating prefix util module '/home/kaisar/tricicle_ws/install/_local_setup_util_sh.py'
[7.232s] INFO:colcon.colcon_core.shell:Creating prefix chain script '/home/kaisar/tricicle_ws/install/setup.sh'
[7.275s] INFO:colcon.colcon_core.shell:Creating prefix script '/home/kaisar/tricicle_ws/install/local_setup.bash'
[7.275s] INFO:colcon.colcon_core.shell:Creating prefix chain script '/home/kaisar/tricicle_ws/install/setup.bash'
[7.317s] INFO:colcon.colcon_core.shell:Creating prefix script '/home/kaisar/tricicle_ws/install/local_setup.zsh'
[7.317s] INFO:colcon.colcon_core.shell:Creating prefix chain script '/home/kaisar/tricicle_ws/install/setup.zsh'
