[2.543s] DEBUG:colcon:Command line arguments: ['/usr/bin/colcon', 'list', '-p', '--base-paths', '/home/kaisar/tricicle_ws']
[2.543s] DEBUG:colcon:Parsed command line arguments: Namespace(allow_overriding=[], base_paths=['/home/kaisar/tricicle_ws'], build_base='build', ignore_user_meta=False, log_base=None, log_level=None, main=<bound method ListVerb.main of <colcon_package_information.verb.list.ListVerb object at 0x7f4b5c654fa0>>, metas=['./colcon.meta'], mixin=None, mixin_files=None, mixin_verb=('list',), names_only=False, packages_above=None, packages_above_and_dependencies=None, packages_above_depth=None, packages_end=None, packages_ignore=None, packages_ignore_regex=None, packages_select=None, packages_select_build_failed=False, packages_select_by_dep=None, packages_select_regex=None, packages_select_test_failures=False, packages_skip=None, packages_skip_build_finished=False, packages_skip_by_dep=None, packages_skip_regex=None, packages_skip_test_passed=False, packages_skip_up_to=None, packages_start=None, packages_up_to=None, packages_up_to_regex=None, paths=None, paths_only=True, topological_graph=False, topological_graph_density=False, topological_graph_dot=False, topological_graph_dot_cluster=False, topological_graph_dot_include_skipped=False, topological_graph_legend=False, topological_order=False, verb_extension=<colcon_package_information.verb.list.ListVerb object at 0x7f4b5c654fa0>, verb_name='list', verb_parser=<colcon_mixin.mixin.mixin_argument.MixinArgumentDecorator object at 0x7f4b5c1dd760>)
[2.624s] Level 1:colcon.colcon_core.package_discovery:discover_packages(colcon_meta) check parameters
[2.624s] Level 1:colcon.colcon_core.package_discovery:discover_packages(recursive) check parameters
[2.624s] Level 1:colcon.colcon_core.package_discovery:discover_packages(ignore) check parameters
[2.624s] Level 1:colcon.colcon_core.package_discovery:discover_packages(path) check parameters
[2.624s] Level 1:colcon.colcon_core.package_discovery:discover_packages(recursive) discover
[2.624s] INFO:colcon.colcon_core.package_discovery:Crawling recursively for packages in '/home/kaisar/tricicle_ws'
[2.624s] Level 1:colcon.colcon_core.package_identification:_identify(/home/kaisar/tricicle_ws) by extensions ['ignore', 'ignore_ament_install']
[2.625s] Level 1:colcon.colcon_core.package_identification:_identify(/home/kaisar/tricicle_ws) by extension 'ignore'
[2.625s] Level 1:colcon.colcon_core.package_identification:_identify(/home/kaisar/tricicle_ws) by extension 'ignore_ament_install'
[2.625s] Level 1:colcon.colcon_core.package_identification:_identify(/home/kaisar/tricicle_ws) by extensions ['colcon_pkg']
[2.625s] Level 1:colcon.colcon_core.package_identification:_identify(/home/kaisar/tricicle_ws) by extension 'colcon_pkg'
[2.625s] Level 1:colcon.colcon_core.package_identification:_identify(/home/kaisar/tricicle_ws) by extensions ['colcon_meta']
[2.625s] Level 1:colcon.colcon_core.package_identification:_identify(/home/kaisar/tricicle_ws) by extension 'colcon_meta'
[2.625s] Level 1:colcon.colcon_core.package_identification:_identify(/home/kaisar/tricicle_ws) by extensions ['ros']
[2.625s] Level 1:colcon.colcon_core.package_identification:_identify(/home/kaisar/tricicle_ws) by extension 'ros'
[2.634s] Level 1:colcon.colcon_core.package_identification:_identify(/home/kaisar/tricicle_ws) by extensions ['cmake', 'python']
[2.634s] Level 1:colcon.colcon_core.package_identification:_identify(/home/kaisar/tricicle_ws) by extension 'cmake'
[2.634s] Level 1:colcon.colcon_core.package_identification:_identify(/home/kaisar/tricicle_ws) by extension 'python'
[2.635s] Level 1:colcon.colcon_core.package_identification:_identify(/home/kaisar/tricicle_ws) by extensions ['python_setup_py']
[2.635s] Level 1:colcon.colcon_core.package_identification:_identify(/home/kaisar/tricicle_ws) by extension 'python_setup_py'
[2.635s] Level 1:colcon.colcon_core.package_identification:_identify(/home/kaisar/tricicle_ws/build) by extensions ['ignore', 'ignore_ament_install']
[2.635s] Level 1:colcon.colcon_core.package_identification:_identify(/home/kaisar/tricicle_ws/build) by extension 'ignore'
[2.635s] Level 1:colcon.colcon_core.package_identification:_identify(/home/kaisar/tricicle_ws/build) ignored
[2.635s] Level 1:colcon.colcon_core.package_identification:_identify(/home/kaisar/tricicle_ws/install) by extensions ['ignore', 'ignore_ament_install']
[2.635s] Level 1:colcon.colcon_core.package_identification:_identify(/home/kaisar/tricicle_ws/install) by extension 'ignore'
[2.635s] Level 1:colcon.colcon_core.package_identification:_identify(/home/kaisar/tricicle_ws/install) ignored
[2.635s] Level 1:colcon.colcon_core.package_identification:_identify(/home/kaisar/tricicle_ws/log) by extensions ['ignore', 'ignore_ament_install']
[2.635s] Level 1:colcon.colcon_core.package_identification:_identify(/home/kaisar/tricicle_ws/log) by extension 'ignore'
[2.635s] Level 1:colcon.colcon_core.package_identification:_identify(/home/kaisar/tricicle_ws/log) ignored
[2.635s] Level 1:colcon.colcon_core.package_identification:_identify(/home/kaisar/tricicle_ws/src) by extensions ['ignore', 'ignore_ament_install']
[2.635s] Level 1:colcon.colcon_core.package_identification:_identify(/home/kaisar/tricicle_ws/src) by extension 'ignore'
[2.635s] Level 1:colcon.colcon_core.package_identification:_identify(/home/kaisar/tricicle_ws/src) by extension 'ignore_ament_install'
[2.635s] Level 1:colcon.colcon_core.package_identification:_identify(/home/kaisar/tricicle_ws/src) by extensions ['colcon_pkg']
[2.635s] Level 1:colcon.colcon_core.package_identification:_identify(/home/kaisar/tricicle_ws/src) by extension 'colcon_pkg'
[2.636s] Level 1:colcon.colcon_core.package_identification:_identify(/home/kaisar/tricicle_ws/src) by extensions ['colcon_meta']
[2.636s] Level 1:colcon.colcon_core.package_identification:_identify(/home/kaisar/tricicle_ws/src) by extension 'colcon_meta'
[2.636s] Level 1:colcon.colcon_core.package_identification:_identify(/home/kaisar/tricicle_ws/src) by extensions ['ros']
[2.636s] Level 1:colcon.colcon_core.package_identification:_identify(/home/kaisar/tricicle_ws/src) by extension 'ros'
[2.636s] Level 1:colcon.colcon_core.package_identification:_identify(/home/kaisar/tricicle_ws/src) by extensions ['cmake', 'python']
[2.636s] Level 1:colcon.colcon_core.package_identification:_identify(/home/kaisar/tricicle_ws/src) by extension 'cmake'
[2.636s] Level 1:colcon.colcon_core.package_identification:_identify(/home/kaisar/tricicle_ws/src) by extension 'python'
[2.636s] Level 1:colcon.colcon_core.package_identification:_identify(/home/kaisar/tricicle_ws/src) by extensions ['python_setup_py']
[2.636s] Level 1:colcon.colcon_core.package_identification:_identify(/home/kaisar/tricicle_ws/src) by extension 'python_setup_py'
[2.636s] Level 1:colcon.colcon_core.package_identification:_identify(/home/kaisar/tricicle_ws/src/tricycle_test) by extensions ['ignore', 'ignore_ament_install']
[2.636s] Level 1:colcon.colcon_core.package_identification:_identify(/home/kaisar/tricicle_ws/src/tricycle_test) by extension 'ignore'
[2.636s] Level 1:colcon.colcon_core.package_identification:_identify(/home/kaisar/tricicle_ws/src/tricycle_test) by extension 'ignore_ament_install'
[2.636s] Level 1:colcon.colcon_core.package_identification:_identify(/home/kaisar/tricicle_ws/src/tricycle_test) by extensions ['colcon_pkg']
[2.636s] Level 1:colcon.colcon_core.package_identification:_identify(/home/kaisar/tricicle_ws/src/tricycle_test) by extension 'colcon_pkg'
[2.636s] Level 1:colcon.colcon_core.package_identification:_identify(/home/kaisar/tricicle_ws/src/tricycle_test) by extensions ['colcon_meta']
[2.636s] Level 1:colcon.colcon_core.package_identification:_identify(/home/kaisar/tricicle_ws/src/tricycle_test) by extension 'colcon_meta'
[2.636s] Level 1:colcon.colcon_core.package_identification:_identify(/home/kaisar/tricicle_ws/src/tricycle_test) by extensions ['ros']
[2.636s] Level 1:colcon.colcon_core.package_identification:_identify(/home/kaisar/tricicle_ws/src/tricycle_test) by extension 'ros'
[2.639s] DEBUG:colcon.colcon_core.package_identification:Package '/home/kaisar/tricicle_ws/src/tricycle_test' with type 'ros.ament_cmake' and name 'tricycle_test'
[2.639s] Level 1:colcon.colcon_core.package_discovery:discover_packages(recursive) using defaults
