[2.567s] DEBUG:colcon:Command line arguments: ['/usr/bin/colcon', 'build', '--symlink-install']
[2.567s] DEBUG:colcon:Parsed command line arguments: Namespace(allow_overriding=[], ament_cmake_args=None, base_paths=['.'], build_base='build', catkin_cmake_args=None, catkin_skip_building_tests=False, cmake_args=None, cmake_clean_cache=False, cmake_clean_first=False, cmake_force_configure=False, cmake_target=None, cmake_target_skip_unavailable=False, continue_on_error=False, event_handlers=None, executor='parallel', ignore_user_meta=False, install_base='install', log_base=None, log_level=None, main=<bound method BuildVerb.main of <colcon_core.verb.build.BuildVerb object at 0x7fcff41e8a30>>, merge_install=False, metas=['./colcon.meta'], mixin=None, mixin_files=None, mixin_verb=('build',), packages_above=None, packages_above_and_dependencies=None, packages_above_depth=None, packages_end=None, packages_ignore=None, packages_ignore_regex=None, packages_select=None, packages_select_build_failed=False, packages_select_by_dep=None, packages_select_regex=None, packages_select_test_failures=False, packages_skip=None, packages_skip_build_finished=False, packages_skip_by_dep=None, packages_skip_regex=None, packages_skip_test_passed=False, packages_skip_up_to=None, packages_start=None, packages_up_to=None, packages_up_to_regex=None, parallel_workers=12, paths=None, symlink_install=True, test_result_base=None, verb_extension=<colcon_core.verb.build.BuildVerb object at 0x7fcff41e8a30>, verb_name='build', verb_parser=<colcon_mixin.mixin.mixin_argument.MixinArgumentDecorator object at 0x7fcff4155160>)
[2.668s] Level 1:colcon.colcon_core.package_discovery:discover_packages(colcon_meta) check parameters
[2.668s] Level 1:colcon.colcon_core.package_discovery:discover_packages(recursive) check parameters
[2.668s] Level 1:colcon.colcon_core.package_discovery:discover_packages(ignore) check parameters
[2.668s] Level 1:colcon.colcon_core.package_discovery:discover_packages(path) check parameters
[2.669s] Level 1:colcon.colcon_core.package_discovery:discover_packages(colcon_meta) discover
[2.669s] Level 1:colcon.colcon_core.package_discovery:discover_packages(recursive) discover
[2.669s] INFO:colcon.colcon_core.package_discovery:Crawling recursively for packages in '/home/kaisar/tricicle_ws'
[2.669s] Level 1:colcon.colcon_core.package_identification:_identify(.) by extensions ['ignore', 'ignore_ament_install']
[2.669s] Level 1:colcon.colcon_core.package_identification:_identify(.) by extension 'ignore'
[2.669s] Level 1:colcon.colcon_core.package_identification:_identify(.) by extension 'ignore_ament_install'
[2.669s] Level 1:colcon.colcon_core.package_identification:_identify(.) by extensions ['colcon_pkg']
[2.669s] Level 1:colcon.colcon_core.package_identification:_identify(.) by extension 'colcon_pkg'
[2.669s] Level 1:colcon.colcon_core.package_identification:_identify(.) by extensions ['colcon_meta']
[2.669s] Level 1:colcon.colcon_core.package_identification:_identify(.) by extension 'colcon_meta'
[2.669s] Level 1:colcon.colcon_core.package_identification:_identify(.) by extensions ['ros']
[2.669s] Level 1:colcon.colcon_core.package_identification:_identify(.) by extension 'ros'
[2.678s] Level 1:colcon.colcon_core.package_identification:_identify(.) by extensions ['cmake', 'python']
[2.678s] Level 1:colcon.colcon_core.package_identification:_identify(.) by extension 'cmake'
[2.678s] Level 1:colcon.colcon_core.package_identification:_identify(.) by extension 'python'
[2.678s] Level 1:colcon.colcon_core.package_identification:_identify(.) by extensions ['python_setup_py']
[2.678s] Level 1:colcon.colcon_core.package_identification:_identify(.) by extension 'python_setup_py'
[2.678s] Level 1:colcon.colcon_core.package_identification:_identify(build) by extensions ['ignore', 'ignore_ament_install']
[2.678s] Level 1:colcon.colcon_core.package_identification:_identify(build) by extension 'ignore'
[2.678s] Level 1:colcon.colcon_core.package_identification:_identify(build) ignored
[2.678s] Level 1:colcon.colcon_core.package_identification:_identify(install) by extensions ['ignore', 'ignore_ament_install']
[2.678s] Level 1:colcon.colcon_core.package_identification:_identify(install) by extension 'ignore'
[2.678s] Level 1:colcon.colcon_core.package_identification:_identify(install) ignored
[2.678s] Level 1:colcon.colcon_core.package_identification:_identify(log) by extensions ['ignore', 'ignore_ament_install']
[2.678s] Level 1:colcon.colcon_core.package_identification:_identify(log) by extension 'ignore'
[2.679s] Level 1:colcon.colcon_core.package_identification:_identify(log) ignored
[2.679s] Level 1:colcon.colcon_core.package_identification:_identify(src) by extensions ['ignore', 'ignore_ament_install']
[2.679s] Level 1:colcon.colcon_core.package_identification:_identify(src) by extension 'ignore'
[2.679s] Level 1:colcon.colcon_core.package_identification:_identify(src) by extension 'ignore_ament_install'
[2.679s] Level 1:colcon.colcon_core.package_identification:_identify(src) by extensions ['colcon_pkg']
[2.679s] Level 1:colcon.colcon_core.package_identification:_identify(src) by extension 'colcon_pkg'
[2.679s] Level 1:colcon.colcon_core.package_identification:_identify(src) by extensions ['colcon_meta']
[2.679s] Level 1:colcon.colcon_core.package_identification:_identify(src) by extension 'colcon_meta'
[2.679s] Level 1:colcon.colcon_core.package_identification:_identify(src) by extensions ['ros']
[2.679s] Level 1:colcon.colcon_core.package_identification:_identify(src) by extension 'ros'
[2.679s] Level 1:colcon.colcon_core.package_identification:_identify(src) by extensions ['cmake', 'python']
[2.679s] Level 1:colcon.colcon_core.package_identification:_identify(src) by extension 'cmake'
[2.679s] Level 1:colcon.colcon_core.package_identification:_identify(src) by extension 'python'
[2.679s] Level 1:colcon.colcon_core.package_identification:_identify(src) by extensions ['python_setup_py']
[2.679s] Level 1:colcon.colcon_core.package_identification:_identify(src) by extension 'python_setup_py'
[2.679s] Level 1:colcon.colcon_core.package_identification:_identify(src/tricycle_test) by extensions ['ignore', 'ignore_ament_install']
[2.679s] Level 1:colcon.colcon_core.package_identification:_identify(src/tricycle_test) by extension 'ignore'
[2.679s] Level 1:colcon.colcon_core.package_identification:_identify(src/tricycle_test) by extension 'ignore_ament_install'
[2.679s] Level 1:colcon.colcon_core.package_identification:_identify(src/tricycle_test) by extensions ['colcon_pkg']
[2.679s] Level 1:colcon.colcon_core.package_identification:_identify(src/tricycle_test) by extension 'colcon_pkg'
[2.679s] Level 1:colcon.colcon_core.package_identification:_identify(src/tricycle_test) by extensions ['colcon_meta']
[2.679s] Level 1:colcon.colcon_core.package_identification:_identify(src/tricycle_test) by extension 'colcon_meta'
[2.679s] Level 1:colcon.colcon_core.package_identification:_identify(src/tricycle_test) by extensions ['ros']
[2.679s] Level 1:colcon.colcon_core.package_identification:_identify(src/tricycle_test) by extension 'ros'
[2.682s] DEBUG:colcon.colcon_core.package_identification:Package 'src/tricycle_test' with type 'ros.ament_cmake' and name 'tricycle_test'
[2.682s] Level 1:colcon.colcon_core.package_discovery:discover_packages(recursive) using defaults
[2.682s] Level 1:colcon.colcon_core.package_discovery:discover_packages(ignore) discover
[2.682s] Level 1:colcon.colcon_core.package_discovery:discover_packages(ignore) using defaults
[2.682s] Level 1:colcon.colcon_core.package_discovery:discover_packages(path) discover
[2.682s] Level 1:colcon.colcon_core.package_discovery:discover_packages(path) using defaults
[2.858s] Level 1:colcon.colcon_core.package_discovery:discover_packages(prefix_path) check parameters
[2.858s] Level 1:colcon.colcon_core.package_discovery:discover_packages(prefix_path) discover
[2.923s] DEBUG:colcon.colcon_installed_package_information.package_discovery:Found 1 installed packages in /home/kaisar/tricicle_ws/install
[2.955s] DEBUG:colcon.colcon_installed_package_information.package_discovery:Found 439 installed packages in /opt/ros/foxy
[2.956s] Level 1:colcon.colcon_core.package_discovery:discover_packages(prefix_path) using defaults
[3.103s] Level 5:colcon.colcon_core.verb:set package 'tricycle_test' build argument 'cmake_args' from command line to 'None'
[3.103s] Level 5:colcon.colcon_core.verb:set package 'tricycle_test' build argument 'cmake_target' from command line to 'None'
[3.103s] Level 5:colcon.colcon_core.verb:set package 'tricycle_test' build argument 'cmake_target_skip_unavailable' from command line to 'False'
[3.103s] Level 5:colcon.colcon_core.verb:set package 'tricycle_test' build argument 'cmake_clean_cache' from command line to 'False'
[3.103s] Level 5:colcon.colcon_core.verb:set package 'tricycle_test' build argument 'cmake_clean_first' from command line to 'False'
[3.103s] Level 5:colcon.colcon_core.verb:set package 'tricycle_test' build argument 'cmake_force_configure' from command line to 'False'
[3.103s] Level 5:colcon.colcon_core.verb:set package 'tricycle_test' build argument 'ament_cmake_args' from command line to 'None'
[3.103s] Level 5:colcon.colcon_core.verb:set package 'tricycle_test' build argument 'catkin_cmake_args' from command line to 'None'
[3.103s] Level 5:colcon.colcon_core.verb:set package 'tricycle_test' build argument 'catkin_skip_building_tests' from command line to 'False'
[3.103s] DEBUG:colcon.colcon_core.verb:Building package 'tricycle_test' with the following arguments: {'ament_cmake_args': None, 'build_base': '/home/kaisar/tricicle_ws/build/tricycle_test', 'catkin_cmake_args': None, 'catkin_skip_building_tests': False, 'cmake_args': None, 'cmake_clean_cache': False, 'cmake_clean_first': False, 'cmake_force_configure': False, 'cmake_target': None, 'cmake_target_skip_unavailable': False, 'install_base': '/home/kaisar/tricicle_ws/install/tricycle_test', 'merge_install': False, 'path': '/home/kaisar/tricicle_ws/src/tricycle_test', 'symlink_install': True, 'test_result_base': None}
[3.134s] INFO:colcon.colcon_core.executor:Executing jobs using 'parallel' executor
[3.177s] DEBUG:colcon.colcon_parallel_executor.executor.parallel:run_until_complete
[3.177s] INFO:colcon.colcon_ros.task.ament_cmake.build:Building ROS package in '/home/kaisar/tricicle_ws/src/tricycle_test' with build type 'ament_cmake'
[3.177s] INFO:colcon.colcon_cmake.task.cmake.build:Building CMake package in '/home/kaisar/tricicle_ws/src/tricycle_test'
[3.219s] INFO:colcon.colcon_core.plugin_system:Skipping extension 'colcon_core.shell.bat': Not used on non-Windows systems
[3.219s] INFO:colcon.colcon_core.shell:Skip shell extension 'powershell' for command environment: Not usable outside of PowerShell
[3.219s] DEBUG:colcon.colcon_core.shell:Skip shell extension 'dsv' for command environment
[3.336s] DEBUG:colcon.colcon_core.event_handler.log_command:Invoking command in '/home/kaisar/tricicle_ws/build/tricycle_test': CMAKE_PREFIX_PATH=${CMAKE_PREFIX_PATH}:/opt/ros/foxy /usr/bin/cmake --build /home/kaisar/tricicle_ws/build/tricycle_test -- -j12 -l12
[3.619s] DEBUG:colcon.colcon_core.event_handler.log_command:Invoked command in '/home/kaisar/tricicle_ws/build/tricycle_test' returned '0': CMAKE_PREFIX_PATH=${CMAKE_PREFIX_PATH}:/opt/ros/foxy /usr/bin/cmake --build /home/kaisar/tricicle_ws/build/tricycle_test -- -j12 -l12
[3.666s] DEBUG:colcon.colcon_core.event_handler.log_command:Invoking command in '/home/kaisar/tricicle_ws/build/tricycle_test': CMAKE_PREFIX_PATH=${CMAKE_PREFIX_PATH}:/opt/ros/foxy /usr/bin/cmake --install /home/kaisar/tricicle_ws/build/tricycle_test
[3.707s] Level 1:colcon.colcon_core.environment:create_environment_scripts_only(tricycle_test)
[3.708s] DEBUG:colcon.colcon_core.event_handler.log_command:Invoked command in '/home/kaisar/tricicle_ws/build/tricycle_test' returned '0': CMAKE_PREFIX_PATH=${CMAKE_PREFIX_PATH}:/opt/ros/foxy /usr/bin/cmake --install /home/kaisar/tricicle_ws/build/tricycle_test
[3.747s] Level 1:colcon.colcon_core.environment:checking '/home/kaisar/tricicle_ws/install/tricycle_test' for CMake module files
[3.747s] Level 1:colcon.colcon_core.environment:checking '/home/kaisar/tricicle_ws/install/tricycle_test' for CMake config files
[3.748s] Level 1:colcon.colcon_core.shell:create_environment_hook('tricycle_test', 'cmake_prefix_path')
[3.778s] INFO:colcon.colcon_core.shell:Creating environment hook '/home/kaisar/tricicle_ws/install/tricycle_test/share/tricycle_test/hook/cmake_prefix_path.ps1'
[3.779s] INFO:colcon.colcon_core.shell:Creating environment descriptor '/home/kaisar/tricicle_ws/install/tricycle_test/share/tricycle_test/hook/cmake_prefix_path.dsv'
[3.780s] INFO:colcon.colcon_core.shell:Creating environment hook '/home/kaisar/tricicle_ws/install/tricycle_test/share/tricycle_test/hook/cmake_prefix_path.sh'
[3.781s] Level 1:colcon.colcon_core.environment:checking '/home/kaisar/tricicle_ws/install/tricycle_test/lib'
[3.782s] Level 1:colcon.colcon_core.environment:checking '/home/kaisar/tricicle_ws/install/tricycle_test/bin'
[3.782s] Level 1:colcon.colcon_core.environment:checking '/home/kaisar/tricicle_ws/install/tricycle_test/lib/pkgconfig/tricycle_test.pc'
[3.782s] Level 1:colcon.colcon_core.environment:checking '/home/kaisar/tricicle_ws/install/tricycle_test/lib/python3.8/site-packages'
[3.782s] Level 1:colcon.colcon_core.environment:checking '/home/kaisar/tricicle_ws/install/tricycle_test/bin'
[3.815s] INFO:colcon.colcon_core.shell:Creating package script '/home/kaisar/tricicle_ws/install/tricycle_test/share/tricycle_test/package.ps1'
[3.817s] INFO:colcon.colcon_core.shell:Creating package descriptor '/home/kaisar/tricicle_ws/install/tricycle_test/share/tricycle_test/package.dsv'
[3.818s] INFO:colcon.colcon_core.shell:Creating package script '/home/kaisar/tricicle_ws/install/tricycle_test/share/tricycle_test/package.sh'
[3.819s] INFO:colcon.colcon_core.shell:Creating package script '/home/kaisar/tricicle_ws/install/tricycle_test/share/tricycle_test/package.bash'
[3.819s] INFO:colcon.colcon_core.shell:Creating package script '/home/kaisar/tricicle_ws/install/tricycle_test/share/tricycle_test/package.zsh'
[3.820s] Level 1:colcon.colcon_core.environment:create_file_with_runtime_dependencies(/home/kaisar/tricicle_ws/install/tricycle_test/share/colcon-core/packages/tricycle_test)
[3.887s] Level 1:colcon.colcon_core.environment:create_environment_scripts_only(tricycle_test)
[3.919s] Level 1:colcon.colcon_core.environment:checking '/home/kaisar/tricicle_ws/install/tricycle_test' for CMake module files
[3.920s] Level 1:colcon.colcon_core.environment:checking '/home/kaisar/tricicle_ws/install/tricycle_test' for CMake config files
[3.920s] Level 1:colcon.colcon_core.shell:create_environment_hook('tricycle_test', 'cmake_prefix_path')
[3.956s] INFO:colcon.colcon_core.shell:Creating environment hook '/home/kaisar/tricicle_ws/install/tricycle_test/share/tricycle_test/hook/cmake_prefix_path.ps1'
[3.957s] INFO:colcon.colcon_core.shell:Creating environment descriptor '/home/kaisar/tricicle_ws/install/tricycle_test/share/tricycle_test/hook/cmake_prefix_path.dsv'
[3.957s] INFO:colcon.colcon_core.shell:Creating environment hook '/home/kaisar/tricicle_ws/install/tricycle_test/share/tricycle_test/hook/cmake_prefix_path.sh'
[3.957s] Level 1:colcon.colcon_core.environment:checking '/home/kaisar/tricicle_ws/install/tricycle_test/lib'
[3.957s] Level 1:colcon.colcon_core.environment:checking '/home/kaisar/tricicle_ws/install/tricycle_test/bin'
[3.957s] Level 1:colcon.colcon_core.environment:checking '/home/kaisar/tricicle_ws/install/tricycle_test/lib/pkgconfig/tricycle_test.pc'
[3.958s] Level 1:colcon.colcon_core.environment:checking '/home/kaisar/tricicle_ws/install/tricycle_test/lib/python3.8/site-packages'
[3.958s] Level 1:colcon.colcon_core.environment:checking '/home/kaisar/tricicle_ws/install/tricycle_test/bin'
[3.991s] INFO:colcon.colcon_core.shell:Creating package script '/home/kaisar/tricicle_ws/install/tricycle_test/share/tricycle_test/package.ps1'
[3.991s] INFO:colcon.colcon_core.shell:Creating package descriptor '/home/kaisar/tricicle_ws/install/tricycle_test/share/tricycle_test/package.dsv'
[3.992s] INFO:colcon.colcon_core.shell:Creating package script '/home/kaisar/tricicle_ws/install/tricycle_test/share/tricycle_test/package.sh'
[3.992s] INFO:colcon.colcon_core.shell:Creating package script '/home/kaisar/tricicle_ws/install/tricycle_test/share/tricycle_test/package.bash'
[3.992s] INFO:colcon.colcon_core.shell:Creating package script '/home/kaisar/tricicle_ws/install/tricycle_test/share/tricycle_test/package.zsh'
[3.993s] Level 1:colcon.colcon_core.environment:create_file_with_runtime_dependencies(/home/kaisar/tricicle_ws/install/tricycle_test/share/colcon-core/packages/tricycle_test)
[3.993s] DEBUG:colcon.colcon_parallel_executor.executor.parallel:closing loop
[3.993s] DEBUG:colcon.colcon_parallel_executor.executor.parallel:loop closed
[3.993s] DEBUG:colcon.colcon_parallel_executor.executor.parallel:run_until_complete finished with '0'
[3.993s] DEBUG:colcon.colcon_core.event_reactor:joining thread
[4.036s] INFO:colcon.colcon_core.plugin_system:Skipping extension 'colcon_notification.desktop_notification.terminal_notifier': Not used on non-Darwin systems
[4.036s] INFO:colcon.colcon_core.plugin_system:Skipping extension 'colcon_notification.desktop_notification.win32': Not used on non-Windows systems
[4.036s] INFO:colcon.colcon_notification.desktop_notification:Sending desktop notification using 'notify2'
[4.055s] DEBUG:colcon.colcon_core.event_reactor:joined thread
[4.095s] INFO:colcon.colcon_core.shell:Creating prefix script '/home/kaisar/tricicle_ws/install/local_setup.ps1'
[4.096s] INFO:colcon.colcon_core.shell:Creating prefix util module '/home/kaisar/tricicle_ws/install/_local_setup_util_ps1.py'
[4.097s] INFO:colcon.colcon_core.shell:Creating prefix chain script '/home/kaisar/tricicle_ws/install/setup.ps1'
[4.132s] INFO:colcon.colcon_core.shell:Creating prefix script '/home/kaisar/tricicle_ws/install/local_setup.sh'
[4.133s] INFO:colcon.colcon_core.shell:Creating prefix util module '/home/kaisar/tricicle_ws/install/_local_setup_util_sh.py'
[4.133s] INFO:colcon.colcon_core.shell:Creating prefix chain script '/home/kaisar/tricicle_ws/install/setup.sh'
[4.169s] INFO:colcon.colcon_core.shell:Creating prefix script '/home/kaisar/tricicle_ws/install/local_setup.bash'
[4.169s] INFO:colcon.colcon_core.shell:Creating prefix chain script '/home/kaisar/tricicle_ws/install/setup.bash'
[4.213s] INFO:colcon.colcon_core.shell:Creating prefix script '/home/kaisar/tricicle_ws/install/local_setup.zsh'
[4.214s] INFO:colcon.colcon_core.shell:Creating prefix chain script '/home/kaisar/tricicle_ws/install/setup.zsh'
